-------------------------------------------------------------------------------
Test set: tests.ValidRegistrationTest
-------------------------------------------------------------------------------
Tests run: 3, Failures: 1, Errors: 0, Skipped: 2, Time elapsed: 1.267 s <<< FAILURE! - in tests.ValidRegistrationTest
beforeMethod(tests.ValidRegistrationTest)  Time elapsed: 1.016 s  <<< FAILURE!
java.lang.IllegalStateException: The path to the driver executable must be set by the webdriver.chrome.driver system property; for more information, see https://github.com/SeleniumHQ/selenium/wiki/ChromeDriver. The latest version can be downloaded from http://chromedriver.storage.googleapis.com/index.html
	at tests.ValidRegistrationTest.beforeMethod(ValidRegistrationTest.java:40)

