<?xml version="1.0" encoding="UTF-8"?>
<!-- Generated by org.testng.reporters.JUnitReportReporter -->
<testsuite skipped="0" hostname="DESKTOP-FVDUEQR" name="tests.GuestEndToEndTest" tests="6" failures="0" timestamp="08 May 2019 04:39:26 GMT" time="60.682" errors="1">
  <testcase name="guestSelectProductTest" time="27.453" classname="tests.GuestEndToEndTest"/>
  <testcase name="guestSelectProductTest" time="13.646" classname="tests.GuestEndToEndTest"/>
  <testcase name="guestSelectProductTest" time="9.797" classname="tests.GuestEndToEndTest"/>
  <testcase name="setShippingBillingAddressTest" time="9.711" classname="tests.GuestEndToEndTest"/>
  <testcase name="reviewAndPlaceOrderTest" time="0.022" classname="tests.GuestEndToEndTest">
    <error type="java.lang.IllegalArgumentException" message="Key Down / Up events only make sense for modifier keys.">
      <![CDATA[java.lang.IllegalArgumentException: Key Down / Up events only make sense for modifier keys.
at org.openqa.selenium.interactions.internal.SingleKeyAction.<init>(SingleKeyAction.java:49)
at org.openqa.selenium.interactions.internal.SingleKeyAction.<init>(SingleKeyAction.java:37)
at org.openqa.selenium.interactions.KeyDownAction.<init>(KeyDownAction.java:40)
at org.openqa.selenium.interactions.Actions.keyDown(Actions.java:115)
at homepage.CheckoutPO.selectThirdShippingOption(CheckoutPO.java:187)
at tests.GuestEndToEndTest.reviewAndPlaceOrderTest(GuestEndToEndTest.java:98)
at sun.reflect.NativeMethodAccessorImpl.invoke0(Native Method)
at sun.reflect.NativeMethodAccessorImpl.invoke(NativeMethodAccessorImpl.java:62)
at sun.reflect.DelegatingMethodAccessorImpl.invoke(DelegatingMethodAccessorImpl.java:43)
at java.lang.reflect.Method.invoke(Method.java:498)
at org.testng.internal.MethodInvocationHelper.invokeMethod(MethodInvocationHelper.java:124)
at org.testng.internal.Invoker.invokeMethod(Invoker.java:583)
at org.testng.internal.Invoker.invokeTestMethod(Invoker.java:719)
at org.testng.internal.Invoker.invokeTestMethods(Invoker.java:989)
at org.testng.internal.TestMethodWorker.invokeTestMethods(TestMethodWorker.java:125)
at org.testng.internal.TestMethodWorker.run(TestMethodWorker.java:109)
at org.testng.TestRunner.privateRun(TestRunner.java:648)
at org.testng.TestRunner.run(TestRunner.java:505)
at org.testng.SuiteRunner.runTest(SuiteRunner.java:455)
at org.testng.SuiteRunner.runSequentially(SuiteRunner.java:450)
at org.testng.SuiteRunner.privateRun(SuiteRunner.java:415)
at org.testng.SuiteRunner.run(SuiteRunner.java:364)
at org.testng.SuiteRunnerWorker.runSuite(SuiteRunnerWorker.java:52)
at org.testng.SuiteRunnerWorker.run(SuiteRunnerWorker.java:84)
at org.testng.TestNG.runSuitesSequentially(TestNG.java:1208)
at org.testng.TestNG.runSuitesLocally(TestNG.java:1137)
at org.testng.TestNG.runSuites(TestNG.java:1049)
at org.testng.TestNG.run(TestNG.java:1017)
at org.apache.maven.surefire.testng.TestNGExecutor.run(TestNGExecutor.java:283)
at org.apache.maven.surefire.testng.TestNGXmlTestSuite.execute(TestNGXmlTestSuite.java:75)
at org.apache.maven.surefire.testng.TestNGProvider.invoke(TestNGProvider.java:120)
at org.apache.maven.surefire.booter.ForkedBooter.invokeProviderInSameClassLoader(ForkedBooter.java:384)
at org.apache.maven.surefire.booter.ForkedBooter.runSuitesInProcess(ForkedBooter.java:345)
at org.apache.maven.surefire.booter.ForkedBooter.execute(ForkedBooter.java:126)
at org.apache.maven.surefire.booter.ForkedBooter.main(ForkedBooter.java:418)
]]>
    </error>
  </testcase> <!-- reviewAndPlaceOrderTest -->
  <testcase name="verifyMinicartCountTest" time="0.053" classname="tests.GuestEndToEndTest"/>
</testsuite> <!-- tests.GuestEndToEndTest -->
